TN:
SF:src/add.js
FNF:0
FNH:0
DA:1,1
DA:2,1
DA:3,1
DA:4,1
DA:5,1
DA:6,1
DA:7,1
DA:8,1
DA:9,1
DA:10,1
DA:11,1
DA:12,1
DA:13,1
DA:14,1
DA:15,1
DA:16,1
DA:17,1
DA:18,1
LF:18
LH:18
BRDA:1,0,0,1
BRDA:16,1,0,9
BRF:2
BRH:2
end_of_record
TN:
SF:src/capitalize.js
FN:17,capitalize
FNF:1
FNH:1
FNDA:8,capitalize
DA:1,1
DA:2,1
DA:3,1
DA:4,1
DA:5,1
DA:6,1
DA:7,1
DA:8,1
DA:9,1
DA:10,1
DA:11,1
DA:12,1
DA:13,1
DA:14,1
DA:15,1
DA:16,1
DA:17,1
DA:18,1
DA:19,1
DA:20,1
LF:20
LH:20
BRDA:1,0,0,1
BRDA:17,1,0,8
BRF:2
BRH:2
end_of_record
TN:
SF:src/ceil.js
FNF:0
FNH:0
DA:1,1
DA:2,1
DA:3,1
DA:4,1
DA:5,1
DA:6,1
DA:7,1
DA:8,1
DA:9,1
DA:10,1
DA:11,1
DA:12,1
DA:13,1
DA:14,1
DA:15,1
DA:16,1
DA:17,1
DA:18,1
DA:19,1
DA:20,1
DA:21,1
DA:22,1
DA:23,1
DA:24,1
LF:24
LH:24
BRDA:1,0,0,1
BRF:1
BRH:1
end_of_record
TN:
SF:src/drop.js
FN:26,drop
FNF:1
FNH:1
FNDA:12,drop
DA:1,1
DA:2,1
DA:3,1
DA:4,1
DA:5,1
DA:6,1
DA:7,1
DA:8,1
DA:9,1
DA:10,1
DA:11,1
DA:12,1
DA:13,1
DA:14,1
DA:15,1
DA:16,1
DA:17,1
DA:18,1
DA:19,1
DA:20,1
DA:21,1
DA:22,1
DA:23,1
DA:24,1
DA:25,1
DA:26,12
DA:27,12
DA:28,12
DA:29,12
DA:30,12
DA:31,12
DA:32,1
DA:33,1
LF:33
LH:33
BRDA:1,0,0,1
BRDA:26,1,0,12
BRDA:27,2,0,2
BRDA:27,3,0,10
BRDA:29,4,0,8
BRDA:29,5,0,1
BRDA:29,6,0,7
BRDA:30,7,0,4
BRF:8
BRH:8
end_of_record
TN:
SF:src/filter.js
FN:24,filter
FNF:1
FNH:1
FNDA:10,filter
DA:1,1
DA:2,1
DA:3,1
DA:4,1
DA:5,1
DA:6,1
DA:7,1
DA:8,1
DA:9,1
DA:10,1
DA:11,1
DA:12,1
DA:13,1
DA:14,1
DA:15,1
DA:16,1
DA:17,1
DA:18,1
DA:19,1
DA:20,1
DA:21,1
DA:22,1
DA:23,1
DA:24,10
DA:25,10
DA:26,10
DA:27,10
DA:28,10
DA:29,10
DA:30,10
DA:31,22
DA:32,22
DA:33,9
DA:34,9
DA:35,22
DA:36,10
DA:37,10
DA:38,1
DA:39,1
LF:39
LH:39
BRDA:1,0,0,1
BRDA:24,1,0,10
BRDA:27,2,0,2
BRDA:27,3,0,8
BRDA:30,4,0,22
BRDA:32,5,0,9
BRF:6
BRH:6
end_of_record
TN:
SF:src/isArguments.js
FN:19,isArguments
FNF:1
FNH:1
FNDA:2,isArguments
DA:1,1
DA:2,1
DA:3,1
DA:4,1
DA:5,1
DA:6,1
DA:7,1
DA:8,1
DA:9,1
DA:10,1
DA:11,1
DA:12,1
DA:13,1
DA:14,1
DA:15,1
DA:16,1
DA:17,1
DA:18,1
DA:19,2
DA:20,2
DA:21,2
DA:22,1
DA:23,1
LF:23
LH:23
BRDA:1,0,0,1
BRDA:19,1,0,2
BRF:2
BRH:2
end_of_record
TN:
SF:src/isArrayLike.js
FN:26,isArrayLike
FNF:1
FNH:1
FNDA:19,isArrayLike
DA:1,1
DA:2,1
DA:3,1
DA:4,1
DA:5,1
DA:6,1
DA:7,1
DA:8,1
DA:9,1
DA:10,1
DA:11,1
DA:12,1
DA:13,1
DA:14,1
DA:15,1
DA:16,1
DA:17,1
DA:18,1
DA:19,1
DA:20,1
DA:21,1
DA:22,1
DA:23,1
DA:24,1
DA:25,1
DA:26,19
DA:27,19
DA:28,19
DA:29,1
DA:30,1
LF:30
LH:30
BRDA:1,0,0,1
BRDA:26,1,0,19
BRF:2
BRH:2
end_of_record
TN:
SF:src/isBuffer.js
FN:33,isBuffer
FNF:1
FNH:1
FNDA:2,isBuffer
DA:1,1
DA:2,1
DA:3,1
DA:4,1
DA:5,1
DA:6,1
DA:7,1
DA:8,1
DA:9,1
DA:10,1
DA:11,1
DA:12,1
DA:13,1
DA:14,1
DA:15,1
DA:16,1
DA:17,1
DA:18,1
DA:19,1
DA:20,1
DA:21,1
DA:22,1
DA:23,1
DA:24,1
DA:25,1
DA:26,1
DA:27,1
DA:28,1
DA:29,1
DA:30,1
DA:31,1
DA:32,1
DA:33,1
DA:34,1
DA:35,1
LF:35
LH:35
BRDA:1,0,0,1
BRDA:4,1,0,0
BRDA:4,2,0,0
BRDA:4,3,0,0
BRDA:7,4,0,0
BRDA:7,5,0,0
BRDA:7,6,0,0
BRDA:7,7,0,0
BRDA:10,8,0,0
BRDA:13,9,0,0
BRDA:16,10,0,0
BRDA:33,11,0,2
BRF:12
BRH:2
end_of_record
TN:
SF:src/isEmpty.js
FN:45,isEmpty
FNF:1
FNH:1
FNDA:21,isEmpty
DA:1,1
DA:2,1
DA:3,1
DA:4,1
DA:5,1
DA:6,1
DA:7,1
DA:8,1
DA:9,1
DA:10,1
DA:11,1
DA:12,1
DA:13,1
DA:14,1
DA:15,1
DA:16,1
DA:17,1
DA:18,1
DA:19,1
DA:20,1
DA:21,1
DA:22,1
DA:23,1
DA:24,1
DA:25,1
DA:26,1
DA:27,1
DA:28,1
DA:29,1
DA:30,1
DA:31,1
DA:32,1
DA:33,1
DA:34,1
DA:35,1
DA:36,1
DA:37,1
DA:38,1
DA:39,1
DA:40,1
DA:41,1
DA:42,1
DA:43,1
DA:44,1
DA:45,21
DA:46,21
DA:47,2
DA:48,2
DA:49,21
DA:50,6
DA:51,21
DA:52,6
DA:53,6
DA:54,13
DA:55,21
DA:56,4
DA:57,4
DA:58,21
DA:59,0
DA:60,0
DA:61,21
DA:62,3
DA:63,2
DA:64,2
DA:65,3
DA:66,7
DA:67,21
DA:68,1
DA:69,1
LF:69
LH:67
BRDA:1,0,0,1
BRDA:45,1,0,21
BRDA:46,2,0,2
BRDA:49,3,0,19
BRDA:49,4,0,6
BRDA:50,5,0,4
BRDA:50,6,0,2
BRDA:50,7,0,2
BRDA:51,8,0,2
BRDA:51,9,0,2
BRDA:51,10,0,6
BRDA:54,11,0,13
BRDA:55,12,0,11
BRDA:55,13,0,4
BRDA:58,14,0,9
BRDA:58,15,0,0
BRDA:61,16,0,9
BRDA:61,17,0,3
BRDA:62,18,0,2
BRDA:66,19,0,7
BRF:20
BRH:19
end_of_record
TN:
SF:src/isLength.js
FN:28,isLength
FNF:1
FNH:1
FNDA:19,isLength
DA:1,1
DA:2,1
DA:3,1
DA:4,1
DA:5,1
DA:6,1
DA:7,1
DA:8,1
DA:9,1
DA:10,1
DA:11,1
DA:12,1
DA:13,1
DA:14,1
DA:15,1
DA:16,1
DA:17,1
DA:18,1
DA:19,1
DA:20,1
DA:21,1
DA:22,1
DA:23,1
DA:24,1
DA:25,1
DA:26,1
DA:27,1
DA:28,19
DA:29,19
DA:30,19
DA:31,19
DA:32,1
DA:33,1
LF:33
LH:33
BRDA:1,0,0,1
BRDA:28,1,0,19
BRDA:29,2,0,6
BRDA:30,3,0,6
BRDA:30,4,0,6
BRF:5
BRH:5
end_of_record
TN:
SF:src/isObject.js
FN:24,isObject
FNF:1
FNH:1
FNDA:22,isObject
DA:1,1
DA:2,1
DA:3,1
DA:4,1
DA:5,1
DA:6,1
DA:7,1
DA:8,1
DA:9,1
DA:10,1
DA:11,1
DA:12,1
DA:13,1
DA:14,1
DA:15,1
DA:16,1
DA:17,1
DA:18,1
DA:19,1
DA:20,1
DA:21,1
DA:22,1
DA:23,1
DA:24,22
DA:25,22
DA:26,22
DA:27,22
DA:28,1
DA:29,1
LF:29
LH:29
BRDA:1,0,0,1
BRDA:24,1,0,22
BRDA:26,2,0,20
BRDA:26,3,0,17
BRF:4
BRH:4
end_of_record
TN:
SF:src/isObjectLike.js
FN:23,isObjectLike
FNF:1
FNH:1
FNDA:4,isObjectLike
DA:1,1
DA:2,1
DA:3,1
DA:4,1
DA:5,1
DA:6,1
DA:7,1
DA:8,1
DA:9,1
DA:10,1
DA:11,1
DA:12,1
DA:13,1
DA:14,1
DA:15,1
DA:16,1
DA:17,1
DA:18,1
DA:19,1
DA:20,1
DA:21,1
DA:22,1
DA:23,4
DA:24,4
DA:25,4
DA:26,1
DA:27,1
LF:27
LH:27
BRDA:1,0,0,1
BRDA:23,1,0,4
BRF:2
BRH:2
end_of_record
TN:
SF:src/isSymbol.js
FN:18,isSymbol
FNF:1
FNH:1
FNDA:28,isSymbol
DA:1,1
DA:2,1
DA:3,1
DA:4,1
DA:5,1
DA:6,1
DA:7,1
DA:8,1
DA:9,1
DA:10,1
DA:11,1
DA:12,1
DA:13,1
DA:14,1
DA:15,1
DA:16,1
DA:17,1
DA:18,28
DA:19,28
DA:20,28
DA:21,28
DA:22,1
DA:23,1
LF:23
LH:23
BRDA:1,0,0,1
BRDA:18,1,0,28
BRDA:20,2,0,27
BRDA:20,3,0,6
BRDA:20,4,0,4
BRF:5
BRH:5
end_of_record
TN:
SF:src/isTypedArray.js
FN:28,isTypedArray
FNF:1
FNH:1
FNDA:2,isTypedArray
DA:1,1
DA:2,1
DA:3,1
DA:4,1
DA:5,1
DA:6,1
DA:7,1
DA:8,1
DA:9,1
DA:10,1
DA:11,1
DA:12,1
DA:13,1
DA:14,1
DA:15,1
DA:16,1
DA:17,1
DA:18,1
DA:19,1
DA:20,1
DA:21,1
DA:22,1
DA:23,1
DA:24,1
DA:25,1
DA:26,1
DA:27,1
DA:28,1
DA:29,1
DA:30,1
LF:30
LH:30
BRDA:1,0,0,1
BRDA:9,1,0,0
BRDA:27,2,0,0
BRDA:28,3,0,2
BRF:4
BRH:2
end_of_record
TN:
SF:src/slice.js
FN:21,slice
FNF:1
FNH:1
FNDA:8,slice
DA:1,1
DA:2,1
DA:3,1
DA:4,1
DA:5,1
DA:6,1
DA:7,1
DA:8,1
DA:9,1
DA:10,1
DA:11,1
DA:12,1
DA:13,1
DA:14,1
DA:15,1
DA:16,1
DA:17,1
DA:18,1
DA:19,1
DA:20,1
DA:21,8
DA:22,8
DA:23,8
DA:24,0
DA:25,0
DA:26,8
DA:27,8
DA:28,8
DA:29,8
DA:30,0
DA:31,0
DA:32,8
DA:33,0
DA:34,0
DA:35,8
DA:36,8
DA:37,8
DA:38,8
DA:39,8
DA:40,8
DA:41,12
DA:42,12
DA:43,8
DA:44,8
DA:45,1
DA:46,1
LF:46
LH:40
BRDA:1,0,0,1
BRDA:21,1,0,8
BRDA:22,2,0,0
BRDA:23,3,0,0
BRDA:26,4,0,0
BRDA:27,5,0,0
BRDA:29,6,0,0
BRDA:32,7,0,0
BRDA:35,8,0,1
BRDA:35,9,0,7
BRDA:40,10,0,12
BRF:11
BRH:5
end_of_record
TN:
SF:src/toFinite.js
FN:28,toFinite
FNF:1
FNH:1
FNDA:7,toFinite
DA:1,1
DA:2,1
DA:3,1
DA:4,1
DA:5,1
DA:6,1
DA:7,1
DA:8,1
DA:9,1
DA:10,1
DA:11,1
DA:12,1
DA:13,1
DA:14,1
DA:15,1
DA:16,1
DA:17,1
DA:18,1
DA:19,1
DA:20,1
DA:21,1
DA:22,1
DA:23,1
DA:24,1
DA:25,1
DA:26,1
DA:27,1
DA:28,7
DA:29,7
DA:30,1
DA:31,1
DA:32,6
DA:33,7
DA:34,0
DA:35,0
DA:36,0
DA:37,7
DA:38,7
DA:39,1
DA:40,1
LF:40
LH:37
BRDA:1,0,0,1
BRDA:28,1,0,7
BRDA:29,2,0,1
BRDA:30,3,0,0
BRDA:32,4,0,6
BRDA:33,5,0,0
BRDA:37,6,0,6
BRDA:37,7,0,0
BRF:8
BRH:5
end_of_record
TN:
SF:src/toInteger.js
FN:28,toInteger
FNF:1
FNH:1
FNDA:7,toInteger
DA:1,1
DA:2,1
DA:3,1
DA:4,1
DA:5,1
DA:6,1
DA:7,1
DA:8,1
DA:9,1
DA:10,1
DA:11,1
DA:12,1
DA:13,1
DA:14,1
DA:15,1
DA:16,1
DA:17,1
DA:18,1
DA:19,1
DA:20,1
DA:21,1
DA:22,1
DA:23,1
DA:24,1
DA:25,1
DA:26,1
DA:27,1
DA:28,7
DA:29,7
DA:30,7
DA:31,7
DA:32,7
DA:33,7
DA:34,1
DA:35,1
LF:35
LH:35
BRDA:1,0,0,1
BRDA:28,1,0,7
BRDA:32,2,0,1
BRDA:32,3,0,6
BRF:4
BRH:4
end_of_record
TN:
SF:src/toNumber.js
FN:44,toNumber
FNF:1
FNH:1
FNDA:29,toNumber
DA:1,1
DA:2,1
DA:3,1
DA:4,1
DA:5,1
DA:6,1
DA:7,1
DA:8,1
DA:9,1
DA:10,1
DA:11,1
DA:12,1
DA:13,1
DA:14,1
DA:15,1
DA:16,1
DA:17,1
DA:18,1
DA:19,1
DA:20,1
DA:21,1
DA:22,1
DA:23,1
DA:24,1
DA:25,1
DA:26,1
DA:27,1
DA:28,1
DA:29,1
DA:30,1
DA:31,1
DA:32,1
DA:33,1
DA:34,1
DA:35,1
DA:36,1
DA:37,1
DA:38,1
DA:39,1
DA:40,1
DA:41,1
DA:42,1
DA:43,1
DA:44,29
DA:45,29
DA:46,8
DA:47,8
DA:48,29
DA:49,1
DA:50,1
DA:51,29
DA:52,2
DA:53,2
DA:54,2
DA:55,29
DA:56,5
DA:57,5
DA:58,15
DA:59,15
DA:60,29
DA:61,29
DA:62,29
DA:63,29
DA:64,1
DA:65,1
LF:65
LH:65
BRDA:1,0,0,1
BRDA:44,1,0,29
BRDA:45,2,0,8
BRDA:48,3,0,21
BRDA:48,4,0,1
BRDA:51,5,0,20
BRDA:51,6,0,2
BRDA:52,7,0,0
BRDA:53,8,0,1
BRDA:53,9,0,1
BRDA:55,10,0,20
BRDA:55,11,0,5
BRDA:56,12,0,0
BRDA:58,13,0,15
BRDA:60,14,0,13
BRDA:61,15,0,4
BRDA:61,16,0,2
BRDA:61,17,0,2
BRDA:62,18,0,11
BRDA:62,19,0,0
BRF:20
BRH:17
end_of_record
TN:
SF:src/toString.js
FN:25,toString
FNF:1
FNH:1
FNDA:8,toString
DA:1,1
DA:2,1
DA:3,1
DA:4,1
DA:5,1
DA:6,1
DA:7,1
DA:8,1
DA:9,1
DA:10,1
DA:11,1
DA:12,1
DA:13,1
DA:14,1
DA:15,1
DA:16,1
DA:17,1
DA:18,1
DA:19,1
DA:20,1
DA:21,1
DA:22,1
DA:23,1
DA:24,1
DA:25,8
DA:26,8
DA:27,8
DA:28,8
DA:29,5
DA:30,5
DA:31,8
DA:32,0
DA:33,0
DA:34,0
DA:35,8
DA:36,0
DA:37,0
DA:38,3
DA:39,8
DA:40,8
DA:41,1
DA:42,1
LF:42
LH:37
BRDA:1,0,0,1
BRDA:25,1,0,8
BRDA:28,2,0,5
BRDA:31,3,0,3
BRDA:31,4,0,0
BRDA:35,5,0,3
BRDA:35,6,0,0
BRDA:38,7,0,3
BRDA:39,8,0,0
BRDA:39,9,0,0
BRDA:39,10,0,3
BRF:11
BRH:7
end_of_record
TN:
SF:src/upperFirst.js
FNF:0
FNH:0
DA:1,1
DA:2,1
DA:3,1
DA:4,1
DA:5,1
DA:6,1
DA:7,1
DA:8,1
DA:9,1
DA:10,1
DA:11,1
DA:12,1
DA:13,1
DA:14,1
DA:15,1
DA:16,1
DA:17,1
DA:18,1
DA:19,1
DA:20,1
DA:21,1
LF:21
LH:21
BRDA:1,0,0,1
BRF:1
BRH:1
end_of_record
TN:
SF:src/.internal/asciiToArray.js
FN:8,asciiToArray
FNF:1
FNH:0
FNDA:0,asciiToArray
DA:1,1
DA:2,1
DA:3,1
DA:4,1
DA:5,1
DA:6,1
DA:7,1
DA:8,0
DA:9,0
DA:10,0
DA:11,1
DA:12,1
LF:12
LH:9
BRDA:1,0,0,1
BRF:1
BRH:1
end_of_record
TN:
SF:src/.internal/baseToNumber.js
FN:14,baseToNumber
FNF:1
FNH:1
FNDA:12,baseToNumber
DA:1,1
DA:2,1
DA:3,1
DA:4,1
DA:5,1
DA:6,1
DA:7,1
DA:8,1
DA:9,1
DA:10,1
DA:11,1
DA:12,1
DA:13,1
DA:14,12
DA:15,12
DA:16,10
DA:17,10
DA:18,12
DA:19,0
DA:20,0
DA:21,2
DA:22,12
DA:23,1
DA:24,1
LF:24
LH:22
BRDA:1,0,0,1
BRDA:14,1,0,12
BRDA:15,2,0,10
BRDA:18,3,0,2
BRDA:18,4,0,0
BRDA:21,5,0,2
BRF:6
BRH:5
end_of_record
TN:
SF:src/.internal/baseToString.js
FN:17,baseToString
FNF:1
FNH:1
FNDA:6,baseToString
DA:1,1
DA:2,1
DA:3,1
DA:4,1
DA:5,1
DA:6,1
DA:7,1
DA:8,1
DA:9,1
DA:10,1
DA:11,1
DA:12,1
DA:13,1
DA:14,1
DA:15,1
DA:16,1
DA:17,6
DA:18,6
DA:19,6
DA:20,4
DA:21,4
DA:22,6
DA:23,0
DA:24,0
DA:25,0
DA:26,6
DA:27,0
DA:28,0
DA:29,2
DA:30,6
DA:31,6
DA:32,1
DA:33,1
LF:33
LH:28
BRDA:1,0,0,1
BRDA:17,1,0,6
BRDA:19,2,0,4
BRDA:22,3,0,2
BRDA:22,4,0,0
BRDA:26,5,0,2
BRDA:26,6,0,0
BRDA:29,7,0,2
BRDA:30,8,0,0
BRDA:30,9,0,0
BRDA:30,10,0,2
BRF:11
BRH:7
end_of_record
TN:
SF:src/.internal/castSlice.js
FN:12,castSlice
FNF:1
FNH:0
FNDA:0,castSlice
DA:1,1
DA:2,1
DA:3,1
DA:4,1
DA:5,1
DA:6,1
DA:7,1
DA:8,1
DA:9,1
DA:10,1
DA:11,1
DA:12,0
DA:13,0
DA:14,0
DA:15,0
DA:16,0
DA:17,1
DA:18,1
LF:18
LH:13
BRDA:1,0,0,1
BRF:1
BRH:1
end_of_record
TN:
SF:src/.internal/createCaseFirst.js
FN:12,createCaseFirst
FNF:1
FNH:1
FNDA:1,createCaseFirst
DA:1,1
DA:2,1
DA:3,1
DA:4,1
DA:5,1
DA:6,1
DA:7,1
DA:8,1
DA:9,1
DA:10,1
DA:11,1
DA:12,1
DA:13,1
DA:14,8
DA:15,1
DA:16,1
DA:17,7
DA:18,7
DA:19,8
DA:20,8
DA:21,8
DA:22,8
DA:23,8
DA:24,8
DA:25,8
DA:26,8
DA:27,8
DA:28,8
DA:29,8
DA:30,8
DA:31,8
DA:32,1
DA:33,1
DA:34,1
LF:34
LH:34
BRDA:1,0,0,1
BRDA:12,1,0,1
BRDA:13,2,0,8
BRDA:14,3,0,1
BRDA:17,4,0,7
BRDA:19,5,0,0
BRDA:20,6,0,7
BRDA:23,7,0,0
BRDA:24,8,0,7
BRDA:27,9,0,0
BRDA:28,10,0,7
BRF:11
BRH:8
end_of_record
TN:
SF:src/.internal/createMathOperation.js
FN:12,createMathOperation
FNF:1
FNH:1
FNDA:1,createMathOperation
DA:1,1
DA:2,1
DA:3,1
DA:4,1
DA:5,1
DA:6,1
DA:7,1
DA:8,1
DA:9,1
DA:10,1
DA:11,1
DA:12,1
DA:13,1
DA:14,10
DA:15,0
DA:16,0
DA:17,10
DA:18,1
DA:19,1
DA:20,10
DA:21,0
DA:22,0
DA:23,10
DA:24,3
DA:25,3
DA:26,3
DA:27,6
DA:28,6
DA:29,6
DA:30,6
DA:31,9
DA:32,10
DA:33,1
DA:34,1
DA:35,1
LF:35
LH:31
BRDA:1,0,0,1
BRDA:12,1,0,1
BRDA:13,2,0,10
BRDA:14,3,0,0
BRDA:14,4,0,0
BRDA:17,5,0,1
BRDA:20,6,0,9
BRDA:20,7,0,0
BRDA:23,8,0,9
BRDA:23,9,0,7
BRDA:23,10,0,3
BRDA:27,11,0,6
BRDA:31,12,0,9
BRF:13
BRH:10
end_of_record
TN:
SF:src/.internal/createRound.js
FN:8,createRound
FNF:1
FNH:1
FNDA:1,createRound
DA:1,1
DA:2,1
DA:3,1
DA:4,1
DA:5,1
DA:6,1
DA:7,1
DA:8,1
DA:9,1
DA:10,1
DA:11,10
DA:12,10
DA:13,3
DA:14,3
DA:15,3
DA:16,3
DA:17,3
DA:18,3
DA:19,3
DA:20,3
DA:21,7
DA:22,10
DA:23,1
DA:24,1
DA:25,1
LF:25
LH:25
BRDA:1,0,0,1
BRDA:8,1,0,1
BRDA:10,2,0,10
BRDA:11,3,0,7
BRDA:11,4,0,3
BRDA:11,5,0,2
BRDA:11,6,0,1
BRDA:12,7,0,3
BRDA:21,8,0,7
BRF:9
BRH:9
end_of_record
TN:
SF:src/.internal/freeGlobal.js
FNF:0
FNH:0
DA:1,1
DA:2,1
DA:3,1
DA:4,1
LF:4
LH:4
BRDA:1,0,0,1
BRF:1
BRH:1
end_of_record
TN:
SF:src/.internal/getTag.js
FN:10,getTag
FNF:1
FNH:1
FNDA:21,getTag
DA:1,1
DA:2,1
DA:3,1
DA:4,1
DA:5,1
DA:6,1
DA:7,1
DA:8,1
DA:9,1
DA:10,21
DA:11,21
DA:12,0
DA:13,0
DA:14,21
DA:15,21
DA:16,1
DA:17,1
LF:17
LH:15
BRDA:1,0,0,1
BRDA:10,1,0,21
BRDA:11,2,0,0
BRF:3
BRH:2
end_of_record
TN:
SF:src/.internal/hasUnicode.js
FN:24,hasUnicode
FNF:1
FNH:1
FNDA:7,hasUnicode
DA:1,1
DA:2,1
DA:3,1
DA:4,1
DA:5,1
DA:6,1
DA:7,1
DA:8,1
DA:9,1
DA:10,1
DA:11,1
DA:12,1
DA:13,1
DA:14,1
DA:15,1
DA:16,1
DA:17,1
DA:18,1
DA:19,1
DA:20,1
DA:21,1
DA:22,1
DA:23,1
DA:24,7
DA:25,7
DA:26,7
DA:27,1
DA:28,1
LF:28
LH:28
BRDA:1,0,0,1
BRDA:24,1,0,7
BRF:2
BRH:2
end_of_record
TN:
SF:src/.internal/isPrototype.js
FN:11,isPrototype
FNF:1
FNH:1
FNDA:9,isPrototype
DA:1,1
DA:2,1
DA:3,1
DA:4,1
DA:5,1
DA:6,1
DA:7,1
DA:8,1
DA:9,1
DA:10,1
DA:11,9
DA:12,9
DA:13,9
DA:14,9
DA:15,9
DA:16,9
DA:17,1
DA:18,1
LF:18
LH:18
BRDA:1,0,0,1
BRDA:11,1,0,9
BRDA:12,2,0,7
BRDA:13,3,0,7
BRDA:13,4,0,2
BRF:5
BRH:5
end_of_record
TN:
SF:src/.internal/nodeTypes.js
FNF:0
FNH:0
DA:1,1
DA:2,1
DA:3,1
DA:4,1
DA:5,1
DA:6,1
DA:7,1
DA:8,1
DA:9,1
DA:10,1
DA:11,1
DA:12,1
DA:13,1
DA:14,1
DA:15,1
DA:16,1
DA:17,1
DA:18,1
DA:19,1
DA:20,1
DA:21,1
DA:22,1
DA:23,1
DA:24,1
DA:25,1
DA:26,1
DA:27,1
DA:28,1
LF:28
LH:28
BRDA:1,0,0,1
BRDA:4,1,0,0
BRDA:4,2,0,0
BRDA:4,3,0,0
BRDA:7,4,0,0
BRDA:7,5,0,0
BRDA:7,6,0,0
BRDA:7,7,0,0
BRDA:10,8,0,0
BRDA:13,9,0,0
BRDA:16,10,0,1
BRDA:20,11,0,0
BRDA:20,12,0,0
BRDA:22,13,0,0
BRDA:24,14,0,0
BRDA:24,15,0,0
BRDA:25,16,0,0
BRF:17
BRH:2
end_of_record
TN:
SF:src/.internal/root.js
FNF:0
FNH:0
DA:1,1
DA:2,1
DA:3,1
DA:4,1
DA:5,1
DA:6,1
DA:7,1
DA:8,1
DA:9,1
DA:10,1
DA:11,1
DA:12,1
DA:13,1
LF:13
LH:13
BRDA:1,0,0,1
BRDA:8,1,0,0
BRDA:8,2,0,0
BRDA:8,3,0,0
BRDA:11,4,0,0
BRDA:11,5,0,0
BRDA:11,6,0,0
BRF:7
BRH:1
end_of_record
TN:
SF:src/.internal/stringToArray.js
FN:12,stringToArray
FNF:1
FNH:0
FNDA:0,stringToArray
DA:1,1
DA:2,1
DA:3,1
DA:4,1
DA:5,1
DA:6,1
DA:7,1
DA:8,1
DA:9,1
DA:10,1
DA:11,1
DA:12,0
DA:13,0
DA:14,0
DA:15,0
DA:16,0
DA:17,1
DA:18,1
LF:18
LH:13
BRDA:1,0,0,1
BRF:1
BRH:1
end_of_record
TN:
SF:src/.internal/unicodeToArray.js
FN:39,unicodeToArray
FNF:1
FNH:0
FNDA:0,unicodeToArray
DA:1,1
DA:2,1
DA:3,1
DA:4,1
DA:5,1
DA:6,1
DA:7,1
DA:8,1
DA:9,1
DA:10,1
DA:11,1
DA:12,1
DA:13,1
DA:14,1
DA:15,1
DA:16,1
DA:17,1
DA:18,1
DA:19,1
DA:20,1
DA:21,1
DA:22,1
DA:23,1
DA:24,1
DA:25,1
DA:26,1
DA:27,1
DA:28,1
DA:29,1
DA:30,1
DA:31,1
DA:32,1
DA:33,1
DA:34,1
DA:35,1
DA:36,1
DA:37,1
DA:38,1
DA:39,0
DA:40,0
DA:41,0
DA:42,1
DA:43,1
LF:43
LH:40
BRDA:1,0,0,1
BRF:1
BRH:1
end_of_record
